Using pre-set license
Built from '2020.3/staging' branch; Version is '2020.3.32f1 (12f8b0834f07) revision 1243312'; Using compiler version '192528614'; Build Type 'Release'
OS: 'Windows 10  (10.0.19044) 64bit CoreSingleLanguage' Language: 'pt' Physical Memory: 16196 MB
BatchMode: 1, IsHumanControllingUs: 0, StartBugReporterOnCrash: 0, Is64bit: 1, IsPro: 0

COMMAND LINE ARGUMENTS:
C:\Program Files\Unity\Hub\Editor\2020.3.32f1\Editor\Unity.exe
-adb2
-batchMode
-noUpm
-name
AssetImportWorker0
-projectPath
C:/Users/Fernando/Documents/GitHub/ShadersFernandoChaves/Aula de Shader
-logFile
Logs/AssetImportWorker0.log
-srvPort
61446
Successfully changed project path to: C:/Users/Fernando/Documents/GitHub/ShadersFernandoChaves/Aula de Shader
C:/Users/Fernando/Documents/GitHub/ShadersFernandoChaves/Aula de Shader
Using Asset Import Pipeline V2.
Refreshing native plugins compatible for Editor in 61.66 ms, found 2 plugins.
Preloading 0 native plugins for Editor in 0.00 ms.
Initialize engine version: 2020.3.32f1 (12f8b0834f07)
[Subsystems] Discovering subsystems at path C:/Program Files/Unity/Hub/Editor/2020.3.32f1/Editor/Data/Resources/UnitySubsystems
[Subsystems] Discovering subsystems at path C:/Users/Fernando/Documents/GitHub/ShadersFernandoChaves/Aula de Shader/Assets
GfxDevice: creating device client; threaded=0
Direct3D:
    Version:  Direct3D 11.0 [level 11.1]
    Renderer: NVIDIA GeForce GTX 1660 Ti (ID=0x2191)
    Vendor:   
    VRAM:     5991 MB
    Driver:   31.0.15.1694
Initialize mono
Mono path[0] = 'C:/Program Files/Unity/Hub/Editor/2020.3.32f1/Editor/Data/Managed'
Mono path[1] = 'C:/Program Files/Unity/Hub/Editor/2020.3.32f1/Editor/Data/MonoBleedingEdge/lib/mono/unityjit'
Mono config path = 'C:/Program Files/Unity/Hub/Editor/2020.3.32f1/Editor/Data/MonoBleedingEdge/etc'
Using monoOptions --debugger-agent=transport=dt_socket,embedding=1,server=y,suspend=n,address=127.0.0.1:56168
Begin MonoManager ReloadAssembly
Registering precompiled unity dll's ...
Register platform support module: C:/Program Files/Unity/Hub/Editor/2020.3.32f1/Editor/Data/PlaybackEngines/WebGLSupport/UnityEditor.WebGL.Extensions.dll
Register platform support module: C:/Program Files/Unity/Hub/Editor/2020.3.32f1/Editor/Data/PlaybackEngines/WindowsStandaloneSupport/UnityEditor.WindowsStandalone.Extensions.dll
Registered in 0.002786 seconds.
Native extension for WindowsStandalone target not found
Native extension for WebGL target not found
Refreshing native plugins compatible for Editor in 49.03 ms, found 2 plugins.
Preloading 0 native plugins for Editor in 0.00 ms.
Mono: successfully reloaded assembly
- Completed reload, in  0.611 seconds
Domain Reload Profiling:
	ReloadAssembly (611ms)
		BeginReloadAssembly (78ms)
			ExecutionOrderSort (0ms)
			DisableScriptedObjects (0ms)
			BackupInstance (0ms)
			ReleaseScriptingObjects (0ms)
			CreateAndSetChildDomain (1ms)
		EndReloadAssembly (454ms)
			LoadAssemblies (76ms)
			RebuildTransferFunctionScriptingTraits (0ms)
			SetupTypeCache (146ms)
			ReleaseScriptCaches (0ms)
			RebuildScriptCaches (28ms)
			SetupLoadedEditorAssemblies (179ms)
				LogAssemblyErrors (0ms)
				InitializePlatformSupportModulesInManaged (5ms)
				SetLoadedEditorAssemblies (0ms)
				RefreshPlugins (49ms)
				BeforeProcessingInitializeOnLoad (16ms)
				ProcessInitializeOnLoadAttributes (80ms)
				ProcessInitializeOnLoadMethodAttributes (29ms)
				AfterProcessingInitializeOnLoad (0ms)
				EditorAssembliesLoaded (0ms)
			ExecutionOrderSort2 (0ms)
			AwakeInstancesAfterBackupRestoration (0ms)
Platform modules already initialized, skipping
Registering precompiled user dll's ...
Registered in 0.004664 seconds.
Begin MonoManager ReloadAssembly
Native extension for WindowsStandalone target not found
Native extension for WebGL target not found
Refreshing native plugins compatible for Editor in 50.60 ms, found 2 plugins.
Preloading 0 native plugins for Editor in 0.00 ms.
Mono: successfully reloaded assembly
- Completed reload, in  1.126 seconds
Domain Reload Profiling:
	ReloadAssembly (1127ms)
		BeginReloadAssembly (148ms)
			ExecutionOrderSort (0ms)
			DisableScriptedObjects (5ms)
			BackupInstance (0ms)
			ReleaseScriptingObjects (0ms)
			CreateAndSetChildDomain (17ms)
		EndReloadAssembly (918ms)
			LoadAssemblies (104ms)
			RebuildTransferFunctionScriptingTraits (0ms)
			SetupTypeCache (311ms)
			ReleaseScriptCaches (0ms)
			RebuildScriptCaches (46ms)
			SetupLoadedEditorAssemblies (343ms)
				LogAssemblyErrors (0ms)
				InitializePlatformSupportModulesInManaged (4ms)
				SetLoadedEditorAssemblies (0ms)
				RefreshPlugins (51ms)
				BeforeProcessingInitializeOnLoad (90ms)
				ProcessInitializeOnLoadAttributes (182ms)
				ProcessInitializeOnLoadMethodAttributes (8ms)
				AfterProcessingInitializeOnLoad (8ms)
				EditorAssembliesLoaded (0ms)
			ExecutionOrderSort2 (0ms)
			AwakeInstancesAfterBackupRestoration (6ms)
Platform modules already initialized, skipping
========================================================================
Worker process is ready to serve import requests
Launched and connected shader compiler UnityShaderCompiler.exe after 0.04 seconds
Refreshing native plugins compatible for Editor in 0.51 ms, found 2 plugins.
Preloading 0 native plugins for Editor in 0.00 ms.
Unloading 2827 Unused Serialized files (Serialized files now loaded: 0)
System memory in use before: 130.2 MB.
System memory in use after: 130.4 MB.

Unloading 17 unused Assets to reduce memory usage. Loaded Objects now: 3263.
Total: 2.968000 ms (FindLiveObjects: 0.197400 ms CreateObjectMapping: 0.128300 ms MarkObjects: 2.571300 ms  DeleteObjects: 0.070400 ms)

AssetImportParameters requested are different than current active one (requested -> active):
  custom:framework-win-MediaFoundation: 216162199b28c13a410421893ffa2e32 -> 
  custom:video-decoder-ogg-theora: a1e56fd34408186e4bbccfd4996cb3dc -> 
  custom:container-muxer-webm: aa71ff27fc2769a1b78a27578f13a17b -> 
  custom:container-demuxer-webm: 4f35f7cbe854078d1ac9338744f61a02 -> 
  custom:container-demuxer-ogg: 62fdf1f143b41e24485cea50d1cbac27 -> 
  custom:video-encoder-webm-vp8: eb34c28f22e8b96e1ab97ce403110664 -> 
  custom:video-codec-MediaFoundation-h265: 746d11721c4dcdbdad8f713fa42b33f4 -> 
  custom:video-decoder-webm-vp8: 9c59270c3fd7afecdb556c50c9e8de78 -> 
  custom:audio-decoder-ogg-vorbis: bf7c407c2cedff20999df2af8eb42d56 -> 
  custom:audio-encoder-webm-vorbis: bf7c407c2cedff20999df2af8eb42d56 -> 
========================================================================
Received Import Request.
  path: Assets/Shaders/PUCNewShader 1.shader
  artifactKey: Guid(036a2b2bb3361544ab072d626923e288) Importer(815301076,1909f56bfc062723c751e8b465ee728b)
Start importing Assets/Shaders/PUCNewShader 1.shader using Guid(036a2b2bb3361544ab072d626923e288) Importer(815301076,1909f56bfc062723c751e8b465ee728b)  -> (artifact id: '92f22115990c8b5f56c64c05dc9f2b03') in 0.035512 seconds 
========================================================================
Received Import Request.
  Time since last request: 0.000163 seconds.
  path: Assets/Shaders/shaderTree.fbx
  artifactKey: Guid(f9b4b15e5d7938044bb2af5e1b10205e) Importer(815301076,1909f56bfc062723c751e8b465ee728b)
Start importing Assets/Shaders/shaderTree.fbx using Guid(f9b4b15e5d7938044bb2af5e1b10205e) Importer(815301076,1909f56bfc062723c751e8b465ee728b)  -> (artifact id: '986b7939ad1a4101417107fc7883bc8b') in 0.425324 seconds 
========================================================================
Received Import Request.
  Time since last request: 11.037113 seconds.
  path: Assets/Shaders/Bandeiras 1
  artifactKey: Guid(6f6cee38a0804e041bfc197c0222775d) Importer(815301076,1909f56bfc062723c751e8b465ee728b)
Start importing Assets/Shaders/Bandeiras 1 using Guid(6f6cee38a0804e041bfc197c0222775d) Importer(815301076,1909f56bfc062723c751e8b465ee728b)  -> (artifact id: '39332d201edfae25d9a7645ed414141e') in 0.005220 seconds 
========================================================================
Received Import Request.
  Time since last request: 5.618017 seconds.
  path: Assets/Shaders/Bandeiras
  artifactKey: Guid(1564855a7aa8fcb47aef43c6c3cae304) Importer(815301076,1909f56bfc062723c751e8b465ee728b)
Start importing Assets/Shaders/Bandeiras using Guid(1564855a7aa8fcb47aef43c6c3cae304) Importer(815301076,1909f56bfc062723c751e8b465ee728b)  -> (artifact id: '5c2de3e7d23235bf70cc70696a17ae3a') in 0.006488 seconds 
========================================================================
Received Import Request.
  Time since last request: 0.020569 seconds.
  path: Assets/Shaders/Bandeiras/Bandeira Alemanha.mat
  artifactKey: Guid(50bfb9c98324bf246934a01e7440e7e5) Importer(815301076,1909f56bfc062723c751e8b465ee728b)
Start importing Assets/Shaders/Bandeiras/Bandeira Alemanha.mat using Guid(50bfb9c98324bf246934a01e7440e7e5) Importer(815301076,1909f56bfc062723c751e8b465ee728b)  -> (artifact id: 'f51b4ebf89fe5f077462a64c9b69fdac') in 0.024898 seconds 
========================================================================
Received Import Request.
  Time since last request: 0.000156 seconds.
  path: Assets/Shaders/Bandeiras/Bandeira Japao.mat
  artifactKey: Guid(f8cd5fc1bc06eb648b94e28eff69d0d4) Importer(815301076,1909f56bfc062723c751e8b465ee728b)
Start importing Assets/Shaders/Bandeiras/Bandeira Japao.mat using Guid(f8cd5fc1bc06eb648b94e28eff69d0d4) Importer(815301076,1909f56bfc062723c751e8b465ee728b)  -> (artifact id: '4563a510d38e0b19887f2305bb6b9c77') in 0.011976 seconds 
========================================================================
Received Import Request.
  Time since last request: 0.000160 seconds.
  path: Assets/Shaders/Bandeiras/Palau.mat
  artifactKey: Guid(4936c388b86b371469461186c63129d5) Importer(815301076,1909f56bfc062723c751e8b465ee728b)
Start importing Assets/Shaders/Bandeiras/Palau.mat using Guid(4936c388b86b371469461186c63129d5) Importer(815301076,1909f56bfc062723c751e8b465ee728b)  -> (artifact id: '52ca150b32180a12faf5ca4c1373d031') in 0.012934 seconds 
========================================================================
Received Import Request.
  Time since last request: 0.000214 seconds.
  path: Assets/Shaders/Bandeiras/Bandeira Italia.mat
  artifactKey: Guid(26d8b7c0ceeec5b43aca7faa30408173) Importer(815301076,1909f56bfc062723c751e8b465ee728b)
Start importing Assets/Shaders/Bandeiras/Bandeira Italia.mat using Guid(26d8b7c0ceeec5b43aca7faa30408173) Importer(815301076,1909f56bfc062723c751e8b465ee728b)  -> (artifact id: '0e66ac85641bc524fd042d5152556798') in 0.013125 seconds 
========================================================================
Received Import Request.
  Time since last request: 38.285389 seconds.
  path: Assets/Shaders/Bandeiras/Bandeira Alemanha.shader
  artifactKey: Guid(6b50c3d1d5dbab747b07b258b0701708) Importer(815301076,1909f56bfc062723c751e8b465ee728b)
Start importing Assets/Shaders/Bandeiras/Bandeira Alemanha.shader using Guid(6b50c3d1d5dbab747b07b258b0701708) Importer(815301076,1909f56bfc062723c751e8b465ee728b)  -> (artifact id: 'ee89bb73278f4b5b9405852f81cc35bb') in 0.002635 seconds 
========================================================================
Received Import Request.
  Time since last request: 0.680239 seconds.
  path: Assets/Shaders/Bandeiras/Bandeira Japao.shader
  artifactKey: Guid(6c5a18b8e0b1d114cac1613867aef42b) Importer(815301076,1909f56bfc062723c751e8b465ee728b)
Start importing Assets/Shaders/Bandeiras/Bandeira Japao.shader using Guid(6c5a18b8e0b1d114cac1613867aef42b) Importer(815301076,1909f56bfc062723c751e8b465ee728b)  -> (artifact id: '5f61d7aff8616f48c20dd6568f7c677e') in 0.002712 seconds 
AssetImportWorkerClient::OnTransportError - code=2 error=End of file
